# JRE version: OpenJDK Runtime Environment (17.0.6) (build 17.0.6+0-b2043.56-10027231)
# Java VM: OpenJDK 64-Bit Server VM (17.0.6+0-b2043.56-10027231, mixed mode, tiered, compressed oops, compressed class ptrs, g1 gc, windows-amd64)
GC Precious Log:
 CPUs: 8 total, 8 available
 Memory: 6021M
 Large Page Support: Disabled
 NUMA Support: Disabled
 Compressed Oops: Enabled (32-bit)
 Heap Region Size: 1M
 Heap Min Capacity: 8M
 Heap Initial Capacity: 96M
 Heap Max Capacity: 2G
 Pre-touch: Disabled
 Parallel Workers: 8
 Concurrent Workers: 2
 Concurrent Refinement Workers: 8
 Periodic GC: Disabled
Heap:
 garbage-first heap   total 256000K, used 196690K [0x0000000080000000, 0x0000000100000000)
  region size 1024K, 54 young (55296K), 5 survivors (5120K)
 Metaspace       used 125554K, committed 126336K, reserved 1163264K
  class space    used 15978K, committed 16320K, reserved 1048576K
GC Heap History (20 events):
Event: 37.186 GC heap before
{Heap before GC invocations=46 (full 0):
 garbage-first heap   total 215040K, used 178977K [0x0000000080000000, 0x0000000100000000)
  region size 1024K, 73 young (74752K), 4 survivors (4096K)
 Metaspace       used 99246K, committed 99840K, reserved 1138688K
  class space    used 12972K, committed 13248K, reserved 1048576K
}
Event: 37.195 GC heap after
{Heap after GC invocations=47 (full 0):
 garbage-first heap   total 215040K, used 112591K [0x0000000080000000, 0x0000000100000000)
  region size 1024K, 8 young (8192K), 8 survivors (8192K)
 Metaspace       used 99246K, committed 99840K, reserved 1138688K
  class space    used 12972K, committed 13248K, reserved 1048576K
}
Event: 39.900 GC heap before
{Heap before GC invocations=47 (full 0):
 garbage-first heap   total 215040K, used 173007K [0x0000000080000000, 0x0000000100000000)
  region size 1024K, 67 young (68608K), 8 survivors (8192K)
 Metaspace       used 108394K, committed 108992K, reserved 1146880K
  class space    used 13973K, committed 14272K, reserved 1048576K
}
Event: 39.913 GC heap after
{Heap after GC invocations=48 (full 0):
 garbage-first heap   total 215040K, used 113656K [0x0000000080000000, 0x0000000100000000)
  region size 1024K, 6 young (6144K), 6 survivors (6144K)
 Metaspace       used 108394K, committed 108992K, reserved 1146880K
  class space    used 13973K, committed 14272K, reserved 1048576K
}
Event: 41.052 GC heap before
{Heap before GC invocations=49 (full 0):
 garbage-first heap   total 215040K, used 178168K [0x0000000080000000, 0x0000000100000000)
  region size 1024K, 68 young (69632K), 6 survivors (6144K)
 Metaspace       used 108643K, committed 109312K, reserved 1146880K
  class space    used 13973K, committed 14272K, reserved 1048576K
}
Event: 41.080 GC heap after
{Heap after GC invocations=50 (full 0):
 garbage-first heap   total 215040K, used 120362K [0x0000000080000000, 0x0000000100000000)
  region size 1024K, 9 young (9216K), 9 survivors (9216K)
 Metaspace       used 108643K, committed 109312K, reserved 1146880K
  class space    used 13973K, committed 14272K, reserved 1048576K
}
Event: 41.094 GC heap before
{Heap before GC invocations=50 (full 0):
 garbage-first heap   total 215040K, used 121386K [0x0000000080000000, 0x0000000100000000)
  region size 1024K, 10 young (10240K), 9 survivors (9216K)
 Metaspace       used 108650K, committed 109312K, reserved 1146880K
  class space    used 13973K, committed 14272K, reserved 1048576K
}
Event: 41.108 GC heap after
{Heap after GC invocations=51 (full 0):
 garbage-first heap   total 215040K, used 120611K [0x0000000080000000, 0x0000000100000000)
  region size 1024K, 1 young (1024K), 1 survivors (1024K)
 Metaspace       used 108650K, committed 109312K, reserved 1146880K
  class space    used 13973K, committed 14272K, reserved 1048576K
}
Event: 48.065 GC heap before
{Heap before GC invocations=51 (full 0):
 garbage-first heap   total 215040K, used 175907K [0x0000000080000000, 0x0000000100000000)
  region size 1024K, 56 young (57344K), 1 survivors (1024K)
 Metaspace       used 113086K, committed 113728K, reserved 1155072K
  class space    used 14617K, committed 14912K, reserved 1048576K
}
Event: 48.076 GC heap after
{Heap after GC invocations=52 (full 0):
 garbage-first heap   total 215040K, used 125056K [0x0000000080000000, 0x0000000100000000)
  region size 1024K, 6 young (6144K), 6 survivors (6144K)
 Metaspace       used 113086K, committed 113728K, reserved 1155072K
  class space    used 14617K, committed 14912K, reserved 1048576K
}
Event: 48.506 GC heap before
{Heap before GC invocations=52 (full 0):
 garbage-first heap   total 215040K, used 144512K [0x0000000080000000, 0x0000000100000000)
  region size 1024K, 26 young (26624K), 6 survivors (6144K)
 Metaspace       used 113162K, committed 113856K, reserved 1155072K
  class space    used 14617K, committed 14912K, reserved 1048576K
}
Event: 48.517 GC heap after
{Heap after GC invocations=53 (full 0):
 garbage-first heap   total 215040K, used 128678K [0x0000000080000000, 0x0000000100000000)
  region size 1024K, 4 young (4096K), 4 survivors (4096K)
 Metaspace       used 113162K, committed 113856K, reserved 1155072K
  class space    used 14617K, committed 14912K, reserved 1048576K
}
Event: 49.558 GC heap before
{Heap before GC invocations=54 (full 0):
 garbage-first heap   total 256000K, used 179878K [0x0000000080000000, 0x0000000100000000)
  region size 1024K, 53 young (54272K), 4 survivors (4096K)
 Metaspace       used 113532K, committed 114176K, reserved 1155072K
  class space    used 14638K, committed 14912K, reserved 1048576K
}
Event: 49.566 GC heap after
{Heap after GC invocations=55 (full 0):
 garbage-first heap   total 256000K, used 132260K [0x0000000080000000, 0x0000000100000000)
  region size 1024K, 7 young (7168K), 7 survivors (7168K)
 Metaspace       used 113532K, committed 114176K, reserved 1155072K
  class space    used 14638K, committed 14912K, reserved 1048576K
}
Event: 49.592 GC heap before
{Heap before GC invocations=55 (full 0):
 garbage-first heap   total 256000K, used 137380K [0x0000000080000000, 0x0000000100000000)
  region size 1024K, 12 young (12288K), 7 survivors (7168K)
 Metaspace       used 113532K, committed 114176K, reserved 1155072K
  class space    used 14638K, committed 14912K, reserved 1048576K
}
Event: 49.600 GC heap after
{Heap after GC invocations=56 (full 0):
 garbage-first heap   total 256000K, used 130581K [0x0000000080000000, 0x0000000100000000)
  region size 1024K, 2 young (2048K), 2 survivors (2048K)
 Metaspace       used 113532K, committed 114176K, reserved 1155072K
  class space    used 14638K, committed 14912K, reserved 1048576K
}
Event: 53.801 GC heap before
{Heap before GC invocations=56 (full 0):
 garbage-first heap   total 256000K, used 205333K [0x0000000080000000, 0x0000000100000000)
  region size 1024K, 76 young (77824K), 2 survivors (2048K)
 Metaspace       used 118250K, committed 118912K, reserved 1155072K
  class space    used 15118K, committed 15424K, reserved 1048576K
}
Event: 53.814 GC heap after
{Heap after GC invocations=57 (full 0):
 garbage-first heap   total 256000K, used 135862K [0x0000000080000000, 0x0000000100000000)
  region size 1024K, 7 young (7168K), 7 survivors (7168K)
 Metaspace       used 118250K, committed 118912K, reserved 1155072K
  class space    used 15118K, committed 15424K, reserved 1048576K
}
Event: 55.165 GC heap before
{Heap before GC invocations=57 (full 0):
 garbage-first heap   total 256000K, used 170678K [0x0000000080000000, 0x0000000100000000)
  region size 1024K, 43 young (44032K), 7 survivors (7168K)
 Metaspace       used 119123K, committed 119808K, reserved 1155072K
  class space    used 15212K, committed 15488K, reserved 1048576K
}
Event: 55.176 GC heap after
{Heap after GC invocations=58 (full 0):
 garbage-first heap   total 256000K, used 139346K [0x0000000080000000, 0x0000000100000000)
  region size 1024K, 5 young (5120K), 5 survivors (5120K)
 Metaspace       used 119123K, committed 119808K, reserved 1155072K
  class space    used 15212K, committed 15488K, reserved 1048576K
}

