# JRE version: OpenJDK Runtime Environment (17.0.6) (build 17.0.6+0-b2043.56-10027231)
# Java VM: OpenJDK 64-Bit Server VM (17.0.6+0-b2043.56-10027231, mixed mode, tiered, compressed oops, compressed class ptrs, g1 gc, windows-amd64)
GC Precious Log:
 CPUs: 8 total, 8 available
 Memory: 6021M
 Large Page Support: Disabled
 NUMA Support: Disabled
 Compressed Oops: Enabled (32-bit)
 Heap Region Size: 1M
 Heap Min Capacity: 8M
 Heap Initial Capacity: 96M
 Heap Max Capacity: 2G
 Pre-touch: Disabled
 Parallel Workers: 8
 Concurrent Workers: 2
 Concurrent Refinement Workers: 8
 Periodic GC: Disabled
Heap:
 garbage-first heap   total 184320K, used 111315K [0x0000000080000000, 0x0000000100000000)
  region size 1024K, 4 young (4096K), 4 survivors (4096K)
 Metaspace       used 86359K, committed 87104K, reserved 1130496K
  class space    used 11960K, committed 12288K, reserved 1048576K
GC Heap History (20 events):
Event: 37.005 GC heap after
{Heap after GC invocations=37 (full 0):
 garbage-first heap   total 135168K, used 94801K [0x0000000080000000, 0x0000000100000000)
  region size 1024K, 1 young (1024K), 1 survivors (1024K)
 Metaspace       used 62249K, committed 62912K, reserved 1105920K
  class space    used 8793K, committed 9088K, reserved 1048576K
}
Event: 37.519 GC heap before
{Heap before GC invocations=37 (full 0):
 garbage-first heap   total 135168K, used 108113K [0x0000000080000000, 0x0000000100000000)
  region size 1024K, 15 young (15360K), 1 survivors (1024K)
 Metaspace       used 64111K, committed 64832K, reserved 1105920K
  class space    used 9074K, committed 9408K, reserved 1048576K
}
Event: 37.524 GC heap after
{Heap after GC invocations=38 (full 0):
 garbage-first heap   total 135168K, used 95257K [0x0000000080000000, 0x0000000100000000)
  region size 1024K, 1 young (1024K), 1 survivors (1024K)
 Metaspace       used 64111K, committed 64832K, reserved 1105920K
  class space    used 9074K, committed 9408K, reserved 1048576K
}
Event: 38.139 GC heap before
{Heap before GC invocations=39 (full 0):
 garbage-first heap   total 163840K, used 110617K [0x0000000080000000, 0x0000000100000000)
  region size 1024K, 16 young (16384K), 1 survivors (1024K)
 Metaspace       used 67003K, committed 67712K, reserved 1114112K
  class space    used 9359K, committed 9664K, reserved 1048576K
}
Event: 38.143 GC heap after
{Heap after GC invocations=40 (full 0):
 garbage-first heap   total 163840K, used 95735K [0x0000000080000000, 0x0000000100000000)
  region size 1024K, 2 young (2048K), 2 survivors (2048K)
 Metaspace       used 67003K, committed 67712K, reserved 1114112K
  class space    used 9359K, committed 9664K, reserved 1048576K
}
Event: 38.399 GC heap before
{Heap before GC invocations=40 (full 0):
 garbage-first heap   total 163840K, used 101879K [0x0000000080000000, 0x0000000100000000)
  region size 1024K, 8 young (8192K), 2 survivors (2048K)
 Metaspace       used 67850K, committed 68544K, reserved 1114112K
  class space    used 9460K, committed 9728K, reserved 1048576K
}
Event: 38.407 GC heap after
{Heap after GC invocations=41 (full 0):
 garbage-first heap   total 163840K, used 95697K [0x0000000080000000, 0x0000000100000000)
  region size 1024K, 1 young (1024K), 1 survivors (1024K)
 Metaspace       used 67850K, committed 68544K, reserved 1114112K
  class space    used 9460K, committed 9728K, reserved 1048576K
}
Event: 39.516 GC heap before
{Heap before GC invocations=41 (full 0):
 garbage-first heap   total 163840K, used 117201K [0x0000000080000000, 0x0000000100000000)
  region size 1024K, 23 young (23552K), 1 survivors (1024K)
 Metaspace       used 72127K, committed 72896K, reserved 1114112K
  class space    used 10037K, committed 10368K, reserved 1048576K
}
Event: 39.523 GC heap after
{Heap after GC invocations=42 (full 0):
 garbage-first heap   total 163840K, used 97902K [0x0000000080000000, 0x0000000100000000)
  region size 1024K, 4 young (4096K), 4 survivors (4096K)
 Metaspace       used 72127K, committed 72896K, reserved 1114112K
  class space    used 10037K, committed 10368K, reserved 1048576K
}
Event: 41.138 GC heap before
{Heap before GC invocations=43 (full 0):
 garbage-first heap   total 184320K, used 137838K [0x0000000080000000, 0x0000000100000000)
  region size 1024K, 37 young (37888K), 4 survivors (4096K)
 Metaspace       used 74269K, committed 74944K, reserved 1114112K
  class space    used 10328K, committed 10624K, reserved 1048576K
}
Event: 41.147 GC heap after
{Heap after GC invocations=44 (full 0):
 garbage-first heap   total 184320K, used 100817K [0x0000000080000000, 0x0000000100000000)
  region size 1024K, 5 young (5120K), 5 survivors (5120K)
 Metaspace       used 74269K, committed 74944K, reserved 1114112K
  class space    used 10328K, committed 10624K, reserved 1048576K
}
Event: 41.298 GC heap before
{Heap before GC invocations=44 (full 0):
 garbage-first heap   total 184320K, used 104913K [0x0000000080000000, 0x0000000100000000)
  region size 1024K, 9 young (9216K), 5 survivors (5120K)
 Metaspace       used 74600K, committed 75328K, reserved 1114112K
  class space    used 10372K, committed 10688K, reserved 1048576K
}
Event: 41.306 GC heap after
{Heap after GC invocations=45 (full 0):
 garbage-first heap   total 184320K, used 101219K [0x0000000080000000, 0x0000000100000000)
  region size 1024K, 1 young (1024K), 1 survivors (1024K)
 Metaspace       used 74600K, committed 75328K, reserved 1114112K
  class space    used 10372K, committed 10688K, reserved 1048576K
}
Event: 43.131 GC heap before
{Heap before GC invocations=45 (full 0):
 garbage-first heap   total 184320K, used 144227K [0x0000000080000000, 0x0000000100000000)
  region size 1024K, 43 young (44032K), 1 survivors (1024K)
 Metaspace       used 79696K, committed 80448K, reserved 1122304K
  class space    used 11086K, committed 11392K, reserved 1048576K
}
Event: 43.140 GC heap after
{Heap after GC invocations=46 (full 0):
 garbage-first heap   total 184320K, used 102921K [0x0000000080000000, 0x0000000100000000)
  region size 1024K, 3 young (3072K), 3 survivors (3072K)
 Metaspace       used 79696K, committed 80448K, reserved 1122304K
  class space    used 11086K, committed 11392K, reserved 1048576K
}
Event: 44.969 GC heap before
{Heap before GC invocations=47 (full 0):
 garbage-first heap   total 184320K, used 149001K [0x0000000080000000, 0x0000000100000000)
  region size 1024K, 48 young (49152K), 3 survivors (3072K)
 Metaspace       used 83925K, committed 84608K, reserved 1122304K
  class space    used 11652K, committed 11968K, reserved 1048576K
}
Event: 44.981 GC heap after
{Heap after GC invocations=48 (full 0):
 garbage-first heap   total 184320K, used 108826K [0x0000000080000000, 0x0000000100000000)
  region size 1024K, 6 young (6144K), 6 survivors (6144K)
 Metaspace       used 83925K, committed 84608K, reserved 1122304K
  class space    used 11652K, committed 11968K, reserved 1048576K
}
Event: 45.086 GC heap before
{Heap before GC invocations=48 (full 0):
 garbage-first heap   total 184320K, used 111898K [0x0000000080000000, 0x0000000100000000)
  region size 1024K, 9 young (9216K), 6 survivors (6144K)
 Metaspace       used 83925K, committed 84608K, reserved 1122304K
  class space    used 11652K, committed 11968K, reserved 1048576K
}
Event: 45.095 GC heap after
{Heap after GC invocations=49 (full 0):
 garbage-first heap   total 184320K, used 109879K [0x0000000080000000, 0x0000000100000000)
  region size 1024K, 2 young (2048K), 2 survivors (2048K)
 Metaspace       used 83925K, committed 84608K, reserved 1122304K
  class space    used 11652K, committed 11968K, reserved 1048576K
}
Event: 46.182 GC heap before
{Heap before GC invocations=49 (full 0):
 garbage-first heap   total 184320K, used 149815K [0x0000000080000000, 0x0000000100000000)
  region size 1024K, 41 young (41984K), 2 survivors (2048K)
 Metaspace       used 86359K, committed 87104K, reserved 1130496K
  class space    used 11960K, committed 12288K, reserved 1048576K
}

